[13:41:00.675] Global cache location '/home/olle/.cache/typescript/4.6', safe file path '/home/olle/.emacs.d/.local/etc/lsp/npm/typescript/lib/node_modules/typescript/lib/typingSafeList.json', types map path /home/olle/.emacs.d/.local/etc/lsp/npm/typescript/lib/node_modules/typescript/lib/typesMap.json
[13:41:00.676] Processing cache location '/home/olle/.cache/typescript/4.6'
[13:41:00.676] Trying to find '/home/olle/.cache/typescript/4.6/package.json'...
[13:41:00.676] Loaded content of '/home/olle/.cache/typescript/4.6/package.json': {"private":true,"dependencies":{"types-registry":"^0.1.585"}}
[13:41:00.676] Loaded content of '/home/olle/.cache/typescript/4.6/package-lock.json'
[13:41:00.676] Finished processing cache location '/home/olle/.cache/typescript/4.6'
[13:41:00.676] Process id: 1948
[13:41:00.676] NPM location: /home/olle/.nvm/versions/node/v17.8.0/bin/npm (explicit '--npmLocation' not  provided)
[13:41:00.676] validateDefaultNpmLocation: false
[13:41:00.677] Npm config file: /home/olle/.cache/typescript/4.6/package.json
[13:41:00.677] Updating types-registry npm package...
[13:41:00.677] Exec: /home/olle/.nvm/versions/node/v17.8.0/bin/npm install --ignore-scripts types-registry@latest
[13:41:01.337]     Succeeded. stdout:
    
    up to date, audited 2 packages in 551ms

found 0 vulnerabilities

[13:41:01.337] Updated types-registry npm package
[13:41:01.359] Got install request {"projectName":"/dev/null/inferredProject1*","fileNames":["/home/olle/.emacs.d/.local/etc/lsp/npm/typescript/lib/node_modules/typescript/lib/lib.es5.d.ts","/home/olle/.emacs.d/.local/etc/lsp/npm/typescript/lib/node_modules/typescript/lib/lib.es2015.d.ts","/home/olle/.emacs.d/.local/etc/lsp/npm/typescript/lib/node_modules/typescript/lib/lib.es2016.d.ts","/home/olle/.emacs.d/.local/etc/lsp/npm/typescript/lib/node_modules/typescript/lib/lib.dom.d.ts","/home/olle/.emacs.d/.local/etc/lsp/npm/typescript/lib/node_modules/typescript/lib/lib.dom.iterable.d.ts","/home/olle/.emacs.d/.local/etc/lsp/npm/typescript/lib/node_modules/typescript/lib/lib.webworker.importscripts.d.ts","/home/olle/.emacs.d/.local/etc/lsp/npm/typescript/lib/node_modules/typescript/lib/lib.scripthost.d.ts","/home/olle/.emacs.d/.local/etc/lsp/npm/typescript/lib/node_modules/typescript/lib/lib.es2015.core.d.ts","/home/olle/.emacs.d/.local/etc/lsp/npm/typescript/lib/node_modules/typescript/lib/lib.es2015.collection.d.ts","/home/olle/.emacs.d/.local/etc/lsp/npm/typescript/lib/node_modules/typescript/lib/lib.es2015.generator.d.ts","/home/olle/.emacs.d/.local/etc/lsp/npm/typescript/lib/node_modules/typescript/lib/lib.es2015.iterable.d.ts","/home/olle/.emacs.d/.local/etc/lsp/npm/typescript/lib/node_modules/typescript/lib/lib.es2015.promise.d.ts","/home/olle/.emacs.d/.local/etc/lsp/npm/typescript/lib/node_modules/typescript/lib/lib.es2015.proxy.d.ts","/home/olle/.emacs.d/.local/etc/lsp/npm/typescript/lib/node_modules/typescript/lib/lib.es2015.reflect.d.ts","/home/olle/.emacs.d/.local/etc/lsp/npm/typescript/lib/node_modules/typescript/lib/lib.es2015.symbol.d.ts","/home/olle/.emacs.d/.local/etc/lsp/npm/typescript/lib/node_modules/typescript/lib/lib.es2015.symbol.wellknown.d.ts","/home/olle/.emacs.d/.local/etc/lsp/npm/typescript/lib/node_modules/typescript/lib/lib.es2016.array.include.d.ts","/home/olle/.emacs.d/.local/etc/lsp/npm/typescript/lib/node_modules/typescript/lib/lib.es2016.full.d.ts","/home/olle/git/bitburner/head.js"],"compilerOptions":{"module":1,"target":3,"jsx":1,"allowJs":true,"allowSyntheticDefaultImports":true,"allowNonTsExtensions":true,"noEmitForJsFiles":true,"maxNodeModuleJsDepth":2},"typeAcquisition":{"enable":true,"include":[],"exclude":[]},"unresolvedImports":["calc_cycle_col.js","calc_income.js","tools.js","worm.js"],"projectRootPath":"/home/olle/git/bitburner","kind":"discover"}
[13:41:01.373] Loaded safelist from types map file '/home/olle/.emacs.d/.local/etc/lsp/npm/typescript/lib/node_modules/typescript/lib/typesMap.json'
[13:41:01.374] Explicitly included types: []
[13:41:01.374] Inferred typings from unresolved imports: ["calc_cycle_col.js","calc_income.js","tools.js","worm.js"]
[13:41:01.374] Result: {"cachedTypingPaths":[],"newTypingNames":["calc_cycle_col.js","calc_income.js","tools.js","worm.js"],"filesToWatch":["/home/olle/git/bitburner/bower_components","/home/olle/git/bitburner/node_modules"]}
[13:41:01.374] Finished typings discovery: {"cachedTypingPaths":[],"newTypingNames":["calc_cycle_col.js","calc_income.js","tools.js","worm.js"],"filesToWatch":["/home/olle/git/bitburner/bower_components","/home/olle/git/bitburner/node_modules"]}
[13:41:01.375] DirectoryWatcher:: Added:: WatchInfo: /home/olle/git/bitburner/bower_components
[13:41:01.375] DirectoryWatcher:: Added:: WatchInfo: /home/olle/git/bitburner/bower_components 1 undefined Project: /dev/null/inferredProject1* watcher already invoked: false
[13:41:01.376] Elapsed:: 1.2061000000685453ms DirectoryWatcher:: Added:: WatchInfo: /home/olle/git/bitburner/bower_components 1 undefined Project: /dev/null/inferredProject1* watcher already invoked: false
[13:41:01.376] DirectoryWatcher:: Added:: WatchInfo: /home/olle/git/bitburner/node_modules
[13:41:01.376] DirectoryWatcher:: Added:: WatchInfo: /home/olle/git/bitburner/node_modules 1 undefined Project: /dev/null/inferredProject1* watcher already invoked: false
[13:41:01.376] Elapsed:: 0.08540000021457672ms DirectoryWatcher:: Added:: WatchInfo: /home/olle/git/bitburner/node_modules 1 undefined Project: /dev/null/inferredProject1* watcher already invoked: false
[13:41:01.376] Installing typings ["calc_cycle_col.js","calc_income.js","tools.js","worm.js"]
[13:41:01.377] 'calc_cycle_col.js':: Entry for package 'calc_cycle_col.js' does not exist in local types registry - skipping...
[13:41:01.377] 'calc_income.js':: Entry for package 'calc_income.js' does not exist in local types registry - skipping...
[13:41:01.377] 'tools.js':: Entry for package 'tools.js' does not exist in local types registry - skipping...
[13:41:01.377] 'worm.js':: Entry for package 'worm.js' does not exist in local types registry - skipping...
[13:41:01.377] All typings are known to be missing or invalid - no need to install more typings
[13:41:01.377] Sending response:
    {"projectName":"/dev/null/inferredProject1*","typeAcquisition":{"enable":true,"include":[],"exclude":[]},"compilerOptions":{"module":1,"target":3,"jsx":1,"allowJs":true,"allowSyntheticDefaultImports":true,"allowNonTsExtensions":true,"noEmitForJsFiles":true,"maxNodeModuleJsDepth":2},"typings":[],"unresolvedImports":["calc_cycle_col.js","calc_income.js","tools.js","worm.js"],"kind":"action::set"}
[13:41:01.377] Response has been sent.
[13:41:52.707] Got install request {"projectName":"/dev/null/inferredProject1*","fileNames":["/home/olle/.emacs.d/.local/etc/lsp/npm/typescript/lib/node_modules/typescript/lib/lib.es5.d.ts","/home/olle/.emacs.d/.local/etc/lsp/npm/typescript/lib/node_modules/typescript/lib/lib.es2015.d.ts","/home/olle/.emacs.d/.local/etc/lsp/npm/typescript/lib/node_modules/typescript/lib/lib.es2016.d.ts","/home/olle/.emacs.d/.local/etc/lsp/npm/typescript/lib/node_modules/typescript/lib/lib.dom.d.ts","/home/olle/.emacs.d/.local/etc/lsp/npm/typescript/lib/node_modules/typescript/lib/lib.dom.iterable.d.ts","/home/olle/.emacs.d/.local/etc/lsp/npm/typescript/lib/node_modules/typescript/lib/lib.webworker.importscripts.d.ts","/home/olle/.emacs.d/.local/etc/lsp/npm/typescript/lib/node_modules/typescript/lib/lib.scripthost.d.ts","/home/olle/.emacs.d/.local/etc/lsp/npm/typescript/lib/node_modules/typescript/lib/lib.es2015.core.d.ts","/home/olle/.emacs.d/.local/etc/lsp/npm/typescript/lib/node_modules/typescript/lib/lib.es2015.collection.d.ts","/home/olle/.emacs.d/.local/etc/lsp/npm/typescript/lib/node_modules/typescript/lib/lib.es2015.generator.d.ts","/home/olle/.emacs.d/.local/etc/lsp/npm/typescript/lib/node_modules/typescript/lib/lib.es2015.iterable.d.ts","/home/olle/.emacs.d/.local/etc/lsp/npm/typescript/lib/node_modules/typescript/lib/lib.es2015.promise.d.ts","/home/olle/.emacs.d/.local/etc/lsp/npm/typescript/lib/node_modules/typescript/lib/lib.es2015.proxy.d.ts","/home/olle/.emacs.d/.local/etc/lsp/npm/typescript/lib/node_modules/typescript/lib/lib.es2015.reflect.d.ts","/home/olle/.emacs.d/.local/etc/lsp/npm/typescript/lib/node_modules/typescript/lib/lib.es2015.symbol.d.ts","/home/olle/.emacs.d/.local/etc/lsp/npm/typescript/lib/node_modules/typescript/lib/lib.es2015.symbol.wellknown.d.ts","/home/olle/.emacs.d/.local/etc/lsp/npm/typescript/lib/node_modules/typescript/lib/lib.es2016.array.include.d.ts","/home/olle/.emacs.d/.local/etc/lsp/npm/typescript/lib/node_modules/typescript/lib/lib.es2016.full.d.ts","/home/olle/git/bitburner/head.js"],"compilerOptions":{"module":1,"target":3,"jsx":1,"allowJs":true,"allowSyntheticDefaultImports":true,"allowNonTsExtensions":true,"noEmitForJsFiles":true,"maxNodeModuleJsDepth":2},"typeAcquisition":{"enable":true,"include":[],"exclude":[]},"unresolvedImports":["calc_cycle_col.js","calc_income.js","tools.js","worm.js"],"projectRootPath":"/home/olle/git/bitburner","kind":"discover"}
[13:41:52.707] Explicitly included types: []
[13:41:52.707] Inferred typings from unresolved imports: ["calc_cycle_col.js","calc_income.js","tools.js","worm.js"]
[13:41:52.707] Result: {"cachedTypingPaths":[],"newTypingNames":["calc_cycle_col.js","calc_income.js","tools.js","worm.js"],"filesToWatch":["/home/olle/git/bitburner/bower_components","/home/olle/git/bitburner/node_modules"]}
[13:41:52.707] Finished typings discovery: {"cachedTypingPaths":[],"newTypingNames":["calc_cycle_col.js","calc_income.js","tools.js","worm.js"],"filesToWatch":["/home/olle/git/bitburner/bower_components","/home/olle/git/bitburner/node_modules"]}
[13:41:52.707] Installing typings ["calc_cycle_col.js","calc_income.js","tools.js","worm.js"]
[13:41:52.708] 'calc_cycle_col.js':: Entry for package 'calc_cycle_col.js' does not exist in local types registry - skipping...
[13:41:52.708] 'calc_income.js':: Entry for package 'calc_income.js' does not exist in local types registry - skipping...
[13:41:52.708] 'tools.js':: Entry for package 'tools.js' does not exist in local types registry - skipping...
[13:41:52.708] 'worm.js':: Entry for package 'worm.js' does not exist in local types registry - skipping...
[13:41:52.708] All typings are known to be missing or invalid - no need to install more typings
[13:41:52.708] Sending response:
    {"projectName":"/dev/null/inferredProject1*","typeAcquisition":{"enable":true,"include":[],"exclude":[]},"compilerOptions":{"module":1,"target":3,"jsx":1,"allowJs":true,"allowSyntheticDefaultImports":true,"allowNonTsExtensions":true,"noEmitForJsFiles":true,"maxNodeModuleJsDepth":2},"typings":[],"unresolvedImports":["calc_cycle_col.js","calc_income.js","tools.js","worm.js"],"kind":"action::set"}
[13:41:52.708] Response has been sent.
