[11:07:13.861] Global cache location '/home/olle/.cache/typescript/4.6', safe file path '/home/olle/.emacs.d/.local/etc/lsp/npm/typescript/lib/node_modules/typescript/lib/typingSafeList.json', types map path /home/olle/.emacs.d/.local/etc/lsp/npm/typescript/lib/node_modules/typescript/lib/typesMap.json
[11:07:13.862] Processing cache location '/home/olle/.cache/typescript/4.6'
[11:07:13.862] Trying to find '/home/olle/.cache/typescript/4.6/package.json'...
[11:07:13.862] Finished processing cache location '/home/olle/.cache/typescript/4.6'
[11:07:13.862] Process id: 6148
[11:07:13.862] NPM location: /usr/bin/npm (explicit '--npmLocation' not  provided)
[11:07:13.862] validateDefaultNpmLocation: false
[11:07:13.862] Npm config file: /home/olle/.cache/typescript/4.6/package.json
[11:07:13.862] Npm config file: '/home/olle/.cache/typescript/4.6/package.json' is missing, creating new one...
[11:07:13.863] Updating types-registry npm package...
[11:07:13.863] Exec: /usr/bin/npm install --ignore-scripts types-registry@latest
[11:07:14.866]     Succeeded. stdout:
    + types-registry@0.1.585
    added 1 package from 1 contributor and audited 1 package in 0.472s
found 0 vulnerabilities


[11:07:14.866] Updated types-registry npm package
[11:07:14.886] Got install request {"projectName":"/dev/null/inferredProject1*","fileNames":["/home/olle/.emacs.d/.local/etc/lsp/npm/typescript/lib/node_modules/typescript/lib/lib.es5.d.ts","/home/olle/.emacs.d/.local/etc/lsp/npm/typescript/lib/node_modules/typescript/lib/lib.es2015.d.ts","/home/olle/.emacs.d/.local/etc/lsp/npm/typescript/lib/node_modules/typescript/lib/lib.es2016.d.ts","/home/olle/.emacs.d/.local/etc/lsp/npm/typescript/lib/node_modules/typescript/lib/lib.dom.d.ts","/home/olle/.emacs.d/.local/etc/lsp/npm/typescript/lib/node_modules/typescript/lib/lib.dom.iterable.d.ts","/home/olle/.emacs.d/.local/etc/lsp/npm/typescript/lib/node_modules/typescript/lib/lib.webworker.importscripts.d.ts","/home/olle/.emacs.d/.local/etc/lsp/npm/typescript/lib/node_modules/typescript/lib/lib.scripthost.d.ts","/home/olle/.emacs.d/.local/etc/lsp/npm/typescript/lib/node_modules/typescript/lib/lib.es2015.core.d.ts","/home/olle/.emacs.d/.local/etc/lsp/npm/typescript/lib/node_modules/typescript/lib/lib.es2015.collection.d.ts","/home/olle/.emacs.d/.local/etc/lsp/npm/typescript/lib/node_modules/typescript/lib/lib.es2015.generator.d.ts","/home/olle/.emacs.d/.local/etc/lsp/npm/typescript/lib/node_modules/typescript/lib/lib.es2015.iterable.d.ts","/home/olle/.emacs.d/.local/etc/lsp/npm/typescript/lib/node_modules/typescript/lib/lib.es2015.promise.d.ts","/home/olle/.emacs.d/.local/etc/lsp/npm/typescript/lib/node_modules/typescript/lib/lib.es2015.proxy.d.ts","/home/olle/.emacs.d/.local/etc/lsp/npm/typescript/lib/node_modules/typescript/lib/lib.es2015.reflect.d.ts","/home/olle/.emacs.d/.local/etc/lsp/npm/typescript/lib/node_modules/typescript/lib/lib.es2015.symbol.d.ts","/home/olle/.emacs.d/.local/etc/lsp/npm/typescript/lib/node_modules/typescript/lib/lib.es2015.symbol.wellknown.d.ts","/home/olle/.emacs.d/.local/etc/lsp/npm/typescript/lib/node_modules/typescript/lib/lib.es2016.array.include.d.ts","/home/olle/.emacs.d/.local/etc/lsp/npm/typescript/lib/node_modules/typescript/lib/lib.es2016.full.d.ts","/home/olle/git/bitburner/head.js"],"compilerOptions":{"module":1,"target":3,"jsx":1,"allowJs":true,"allowSyntheticDefaultImports":true,"allowNonTsExtensions":true,"noEmitForJsFiles":true,"maxNodeModuleJsDepth":2},"typeAcquisition":{"enable":true,"include":[],"exclude":[]},"unresolvedImports":["calc_cycle_col.js","calc_income.js","tools.js","worm.js"],"projectRootPath":"/home/olle/git/bitburner","kind":"discover"}
[11:07:14.904] Loaded safelist from types map file '/home/olle/.emacs.d/.local/etc/lsp/npm/typescript/lib/node_modules/typescript/lib/typesMap.json'
[11:07:14.905] Explicitly included types: []
[11:07:14.905] Inferred typings from unresolved imports: ["calc_cycle_col.js","calc_income.js","tools.js","worm.js"]
[11:07:14.906] Result: {"cachedTypingPaths":[],"newTypingNames":["calc_cycle_col.js","calc_income.js","tools.js","worm.js"],"filesToWatch":["/home/olle/git/bitburner/bower_components","/home/olle/git/bitburner/node_modules"]}
[11:07:14.906] Finished typings discovery: {"cachedTypingPaths":[],"newTypingNames":["calc_cycle_col.js","calc_income.js","tools.js","worm.js"],"filesToWatch":["/home/olle/git/bitburner/bower_components","/home/olle/git/bitburner/node_modules"]}
[11:07:14.906] DirectoryWatcher:: Added:: WatchInfo: /home/olle/git/bitburner/bower_components
[11:07:14.906] DirectoryWatcher:: Added:: WatchInfo: /home/olle/git/bitburner/bower_components 1 undefined Project: /dev/null/inferredProject1* watcher already invoked: false
[11:07:14.908] Elapsed:: 1.611500009894371ms DirectoryWatcher:: Added:: WatchInfo: /home/olle/git/bitburner/bower_components 1 undefined Project: /dev/null/inferredProject1* watcher already invoked: false
[11:07:14.908] DirectoryWatcher:: Added:: WatchInfo: /home/olle/git/bitburner/node_modules
[11:07:14.908] DirectoryWatcher:: Added:: WatchInfo: /home/olle/git/bitburner/node_modules 1 undefined Project: /dev/null/inferredProject1* watcher already invoked: false
[11:07:14.908] Elapsed:: 0.14079999923706055ms DirectoryWatcher:: Added:: WatchInfo: /home/olle/git/bitburner/node_modules 1 undefined Project: /dev/null/inferredProject1* watcher already invoked: false
[11:07:14.908] Installing typings ["calc_cycle_col.js","calc_income.js","tools.js","worm.js"]
[11:07:14.908] 'calc_cycle_col.js':: Entry for package 'calc_cycle_col.js' does not exist in local types registry - skipping...
[11:07:14.908] 'calc_income.js':: Entry for package 'calc_income.js' does not exist in local types registry - skipping...
[11:07:14.908] 'tools.js':: Entry for package 'tools.js' does not exist in local types registry - skipping...
[11:07:14.908] 'worm.js':: Entry for package 'worm.js' does not exist in local types registry - skipping...
[11:07:14.909] All typings are known to be missing or invalid - no need to install more typings
[11:07:14.909] Sending response:
    {"projectName":"/dev/null/inferredProject1*","typeAcquisition":{"enable":true,"include":[],"exclude":[]},"compilerOptions":{"module":1,"target":3,"jsx":1,"allowJs":true,"allowSyntheticDefaultImports":true,"allowNonTsExtensions":true,"noEmitForJsFiles":true,"maxNodeModuleJsDepth":2},"typings":[],"unresolvedImports":["calc_cycle_col.js","calc_income.js","tools.js","worm.js"],"kind":"action::set"}
[11:07:14.909] Response has been sent.
[11:07:28.704] Got install request {"projectName":"/dev/null/inferredProject1*","fileNames":["/home/olle/git/bitburner/head.js"],"compilerOptions":{"module":1,"target":3,"jsx":1,"allowJs":true,"allowSyntheticDefaultImports":true,"allowNonTsExtensions":true,"noEmitForJsFiles":true,"maxNodeModuleJsDepth":2},"typeAcquisition":{"enable":true,"include":[],"exclude":[]},"unresolvedImports":["calc_cycle_col.js","calc_income.js","tools.js","worm.js"],"projectRootPath":"/home/olle/git/bitburner","kind":"discover"}
[11:07:28.704] Explicitly included types: []
[11:07:28.704] Inferred typings from unresolved imports: ["calc_cycle_col.js","calc_income.js","tools.js","worm.js"]
[11:07:28.704] Result: {"cachedTypingPaths":[],"newTypingNames":["calc_cycle_col.js","calc_income.js","tools.js","worm.js"],"filesToWatch":["/home/olle/git/bitburner/bower_components","/home/olle/git/bitburner/node_modules"]}
[11:07:28.704] Finished typings discovery: {"cachedTypingPaths":[],"newTypingNames":["calc_cycle_col.js","calc_income.js","tools.js","worm.js"],"filesToWatch":["/home/olle/git/bitburner/bower_components","/home/olle/git/bitburner/node_modules"]}
[11:07:28.705] Installing typings ["calc_cycle_col.js","calc_income.js","tools.js","worm.js"]
[11:07:28.705] 'calc_cycle_col.js':: Entry for package 'calc_cycle_col.js' does not exist in local types registry - skipping...
[11:07:28.705] 'calc_income.js':: Entry for package 'calc_income.js' does not exist in local types registry - skipping...
[11:07:28.705] 'tools.js':: Entry for package 'tools.js' does not exist in local types registry - skipping...
[11:07:28.705] 'worm.js':: Entry for package 'worm.js' does not exist in local types registry - skipping...
[11:07:28.705] All typings are known to be missing or invalid - no need to install more typings
[11:07:28.705] Sending response:
    {"projectName":"/dev/null/inferredProject1*","typeAcquisition":{"enable":true,"include":[],"exclude":[]},"compilerOptions":{"module":1,"target":3,"jsx":1,"allowJs":true,"allowSyntheticDefaultImports":true,"allowNonTsExtensions":true,"noEmitForJsFiles":true,"maxNodeModuleJsDepth":2},"typings":[],"unresolvedImports":["calc_cycle_col.js","calc_income.js","tools.js","worm.js"],"kind":"action::set"}
[11:07:28.705] Response has been sent.
[11:13:30.136] Got install request {"projectName":"/dev/null/inferredProject1*","fileNames":["/home/olle/.emacs.d/.local/etc/lsp/npm/typescript/lib/node_modules/typescript/lib/lib.es5.d.ts","/home/olle/.emacs.d/.local/etc/lsp/npm/typescript/lib/node_modules/typescript/lib/lib.es2015.d.ts","/home/olle/.emacs.d/.local/etc/lsp/npm/typescript/lib/node_modules/typescript/lib/lib.es2016.d.ts","/home/olle/.emacs.d/.local/etc/lsp/npm/typescript/lib/node_modules/typescript/lib/lib.dom.d.ts","/home/olle/.emacs.d/.local/etc/lsp/npm/typescript/lib/node_modules/typescript/lib/lib.dom.iterable.d.ts","/home/olle/.emacs.d/.local/etc/lsp/npm/typescript/lib/node_modules/typescript/lib/lib.webworker.importscripts.d.ts","/home/olle/.emacs.d/.local/etc/lsp/npm/typescript/lib/node_modules/typescript/lib/lib.scripthost.d.ts","/home/olle/.emacs.d/.local/etc/lsp/npm/typescript/lib/node_modules/typescript/lib/lib.es2015.core.d.ts","/home/olle/.emacs.d/.local/etc/lsp/npm/typescript/lib/node_modules/typescript/lib/lib.es2015.collection.d.ts","/home/olle/.emacs.d/.local/etc/lsp/npm/typescript/lib/node_modules/typescript/lib/lib.es2015.generator.d.ts","/home/olle/.emacs.d/.local/etc/lsp/npm/typescript/lib/node_modules/typescript/lib/lib.es2015.iterable.d.ts","/home/olle/.emacs.d/.local/etc/lsp/npm/typescript/lib/node_modules/typescript/lib/lib.es2015.promise.d.ts","/home/olle/.emacs.d/.local/etc/lsp/npm/typescript/lib/node_modules/typescript/lib/lib.es2015.proxy.d.ts","/home/olle/.emacs.d/.local/etc/lsp/npm/typescript/lib/node_modules/typescript/lib/lib.es2015.reflect.d.ts","/home/olle/.emacs.d/.local/etc/lsp/npm/typescript/lib/node_modules/typescript/lib/lib.es2015.symbol.d.ts","/home/olle/.emacs.d/.local/etc/lsp/npm/typescript/lib/node_modules/typescript/lib/lib.es2015.symbol.wellknown.d.ts","/home/olle/.emacs.d/.local/etc/lsp/npm/typescript/lib/node_modules/typescript/lib/lib.es2016.array.include.d.ts","/home/olle/.emacs.d/.local/etc/lsp/npm/typescript/lib/node_modules/typescript/lib/lib.es2016.full.d.ts","/home/olle/git/bitburner/head.js"],"compilerOptions":{"module":1,"target":3,"jsx":1,"allowJs":true,"allowSyntheticDefaultImports":true,"allowNonTsExtensions":true,"noEmitForJsFiles":true,"maxNodeModuleJsDepth":2},"typeAcquisition":{"enable":true,"include":[],"exclude":[]},"unresolvedImports":["calc_cycle_col.js","calc_income.js","tools.js","worm.js"],"projectRootPath":"/home/olle/git/bitburner","kind":"discover"}
[11:13:30.137] Explicitly included types: []
[11:13:30.137] Inferred typings from unresolved imports: ["calc_cycle_col.js","calc_income.js","tools.js","worm.js"]
[11:13:30.137] Result: {"cachedTypingPaths":[],"newTypingNames":["calc_cycle_col.js","calc_income.js","tools.js","worm.js"],"filesToWatch":["/home/olle/git/bitburner/bower_components","/home/olle/git/bitburner/node_modules"]}
[11:13:30.137] Finished typings discovery: {"cachedTypingPaths":[],"newTypingNames":["calc_cycle_col.js","calc_income.js","tools.js","worm.js"],"filesToWatch":["/home/olle/git/bitburner/bower_components","/home/olle/git/bitburner/node_modules"]}
[11:13:30.137] Installing typings ["calc_cycle_col.js","calc_income.js","tools.js","worm.js"]
[11:13:30.137] 'calc_cycle_col.js':: Entry for package 'calc_cycle_col.js' does not exist in local types registry - skipping...
[11:13:30.137] 'calc_income.js':: Entry for package 'calc_income.js' does not exist in local types registry - skipping...
[11:13:30.137] 'tools.js':: Entry for package 'tools.js' does not exist in local types registry - skipping...
[11:13:30.137] 'worm.js':: Entry for package 'worm.js' does not exist in local types registry - skipping...
[11:13:30.137] All typings are known to be missing or invalid - no need to install more typings
[11:13:30.137] Sending response:
    {"projectName":"/dev/null/inferredProject1*","typeAcquisition":{"enable":true,"include":[],"exclude":[]},"compilerOptions":{"module":1,"target":3,"jsx":1,"allowJs":true,"allowSyntheticDefaultImports":true,"allowNonTsExtensions":true,"noEmitForJsFiles":true,"maxNodeModuleJsDepth":2},"typings":[],"unresolvedImports":["calc_cycle_col.js","calc_income.js","tools.js","worm.js"],"kind":"action::set"}
[11:13:30.137] Response has been sent.
[11:13:43.910] Got install request {"projectName":"/dev/null/inferredProject1*","fileNames":["/home/olle/git/bitburner/head.js"],"compilerOptions":{"module":1,"target":3,"jsx":1,"allowJs":true,"allowSyntheticDefaultImports":true,"allowNonTsExtensions":true,"noEmitForJsFiles":true,"maxNodeModuleJsDepth":2},"typeAcquisition":{"enable":true,"include":[],"exclude":[]},"unresolvedImports":["calc_cycle_col.js","calc_income.js","tools.js","worm.js"],"projectRootPath":"/home/olle/git/bitburner","kind":"discover"}
[11:13:43.910] Explicitly included types: []
[11:13:43.910] Inferred typings from unresolved imports: ["calc_cycle_col.js","calc_income.js","tools.js","worm.js"]
[11:13:43.910] Result: {"cachedTypingPaths":[],"newTypingNames":["calc_cycle_col.js","calc_income.js","tools.js","worm.js"],"filesToWatch":["/home/olle/git/bitburner/bower_components","/home/olle/git/bitburner/node_modules"]}
[11:13:43.910] Finished typings discovery: {"cachedTypingPaths":[],"newTypingNames":["calc_cycle_col.js","calc_income.js","tools.js","worm.js"],"filesToWatch":["/home/olle/git/bitburner/bower_components","/home/olle/git/bitburner/node_modules"]}
[11:13:43.910] Installing typings ["calc_cycle_col.js","calc_income.js","tools.js","worm.js"]
[11:13:43.910] 'calc_cycle_col.js':: Entry for package 'calc_cycle_col.js' does not exist in local types registry - skipping...
[11:13:43.910] 'calc_income.js':: Entry for package 'calc_income.js' does not exist in local types registry - skipping...
[11:13:43.910] 'tools.js':: Entry for package 'tools.js' does not exist in local types registry - skipping...
[11:13:43.911] 'worm.js':: Entry for package 'worm.js' does not exist in local types registry - skipping...
[11:13:43.911] All typings are known to be missing or invalid - no need to install more typings
[11:13:43.911] Sending response:
    {"projectName":"/dev/null/inferredProject1*","typeAcquisition":{"enable":true,"include":[],"exclude":[]},"compilerOptions":{"module":1,"target":3,"jsx":1,"allowJs":true,"allowSyntheticDefaultImports":true,"allowNonTsExtensions":true,"noEmitForJsFiles":true,"maxNodeModuleJsDepth":2},"typings":[],"unresolvedImports":["calc_cycle_col.js","calc_income.js","tools.js","worm.js"],"kind":"action::set"}
[11:13:43.911] Response has been sent.
[11:13:46.114] Got install request {"projectName":"/dev/null/inferredProject1*","fileNames":["/home/olle/.emacs.d/.local/etc/lsp/npm/typescript/lib/node_modules/typescript/lib/lib.es5.d.ts","/home/olle/.emacs.d/.local/etc/lsp/npm/typescript/lib/node_modules/typescript/lib/lib.es2015.d.ts","/home/olle/.emacs.d/.local/etc/lsp/npm/typescript/lib/node_modules/typescript/lib/lib.es2016.d.ts","/home/olle/.emacs.d/.local/etc/lsp/npm/typescript/lib/node_modules/typescript/lib/lib.dom.d.ts","/home/olle/.emacs.d/.local/etc/lsp/npm/typescript/lib/node_modules/typescript/lib/lib.dom.iterable.d.ts","/home/olle/.emacs.d/.local/etc/lsp/npm/typescript/lib/node_modules/typescript/lib/lib.webworker.importscripts.d.ts","/home/olle/.emacs.d/.local/etc/lsp/npm/typescript/lib/node_modules/typescript/lib/lib.scripthost.d.ts","/home/olle/.emacs.d/.local/etc/lsp/npm/typescript/lib/node_modules/typescript/lib/lib.es2015.core.d.ts","/home/olle/.emacs.d/.local/etc/lsp/npm/typescript/lib/node_modules/typescript/lib/lib.es2015.collection.d.ts","/home/olle/.emacs.d/.local/etc/lsp/npm/typescript/lib/node_modules/typescript/lib/lib.es2015.generator.d.ts","/home/olle/.emacs.d/.local/etc/lsp/npm/typescript/lib/node_modules/typescript/lib/lib.es2015.iterable.d.ts","/home/olle/.emacs.d/.local/etc/lsp/npm/typescript/lib/node_modules/typescript/lib/lib.es2015.promise.d.ts","/home/olle/.emacs.d/.local/etc/lsp/npm/typescript/lib/node_modules/typescript/lib/lib.es2015.proxy.d.ts","/home/olle/.emacs.d/.local/etc/lsp/npm/typescript/lib/node_modules/typescript/lib/lib.es2015.reflect.d.ts","/home/olle/.emacs.d/.local/etc/lsp/npm/typescript/lib/node_modules/typescript/lib/lib.es2015.symbol.d.ts","/home/olle/.emacs.d/.local/etc/lsp/npm/typescript/lib/node_modules/typescript/lib/lib.es2015.symbol.wellknown.d.ts","/home/olle/.emacs.d/.local/etc/lsp/npm/typescript/lib/node_modules/typescript/lib/lib.es2016.array.include.d.ts","/home/olle/.emacs.d/.local/etc/lsp/npm/typescript/lib/node_modules/typescript/lib/lib.es2016.full.d.ts","/home/olle/git/bitburner/head.js"],"compilerOptions":{"module":1,"target":3,"jsx":1,"allowJs":true,"allowSyntheticDefaultImports":true,"allowNonTsExtensions":true,"noEmitForJsFiles":true,"maxNodeModuleJsDepth":2},"typeAcquisition":{"enable":true,"include":[],"exclude":[]},"unresolvedImports":["calc_cycle_col.js","calc_income.js","tools.js","worm.js"],"projectRootPath":"/home/olle/git/bitburner","kind":"discover"}
[11:13:46.114] Explicitly included types: []
[11:13:46.114] Inferred typings from unresolved imports: ["calc_cycle_col.js","calc_income.js","tools.js","worm.js"]
[11:13:46.114] Result: {"cachedTypingPaths":[],"newTypingNames":["calc_cycle_col.js","calc_income.js","tools.js","worm.js"],"filesToWatch":["/home/olle/git/bitburner/bower_components","/home/olle/git/bitburner/node_modules"]}
[11:13:46.114] Finished typings discovery: {"cachedTypingPaths":[],"newTypingNames":["calc_cycle_col.js","calc_income.js","tools.js","worm.js"],"filesToWatch":["/home/olle/git/bitburner/bower_components","/home/olle/git/bitburner/node_modules"]}
[11:13:46.114] Installing typings ["calc_cycle_col.js","calc_income.js","tools.js","worm.js"]
[11:13:46.114] 'calc_cycle_col.js':: Entry for package 'calc_cycle_col.js' does not exist in local types registry - skipping...
[11:13:46.114] 'calc_income.js':: Entry for package 'calc_income.js' does not exist in local types registry - skipping...
[11:13:46.114] 'tools.js':: Entry for package 'tools.js' does not exist in local types registry - skipping...
[11:13:46.114] 'worm.js':: Entry for package 'worm.js' does not exist in local types registry - skipping...
[11:13:46.114] All typings are known to be missing or invalid - no need to install more typings
[11:13:46.114] Sending response:
    {"projectName":"/dev/null/inferredProject1*","typeAcquisition":{"enable":true,"include":[],"exclude":[]},"compilerOptions":{"module":1,"target":3,"jsx":1,"allowJs":true,"allowSyntheticDefaultImports":true,"allowNonTsExtensions":true,"noEmitForJsFiles":true,"maxNodeModuleJsDepth":2},"typings":[],"unresolvedImports":["calc_cycle_col.js","calc_income.js","tools.js","worm.js"],"kind":"action::set"}
[11:13:46.114] Response has been sent.
